2025-06-13 10:52:00 | WARN | repo=pv243-a4m36jee-2018-security-seminar | action=test | passed=true
2025-01-15 07:55:00 | DEBUG | repo=pv243-a4m36jee-2018-security-seminar | action=edit | files=3
2025-08-15 14:48:00 | INFO | repo=pv243-a4m36jee-2018-security-seminar | action=commit
2025-08-13 09:28:00 | INFO | repo=pv243-a4m36jee-2018-security-seminar | action=commit
2025-10-20 19:08:00 | INFO | repo=pv243-a4m36jee-2018-security-seminar | action=commit
2025-11-23 11:25:00 | INFO | repo=pv243-a4m36jee-2018-security-seminar | action=commit
2025-08-09 07:31:00 | DEBUG | repo=pv243-a4m36jee-2018-security-seminar | action=commit
2025-09-06 07:12:00 | WARN | repo=pv243-a4m36jee-2018-security-seminar | action=commit
2025-07-16 19:56:00 | DEBUG | repo=pv243-a4m36jee-2018-security-seminar | action=commit
2025-05-19 14:17:00 | INFO | repo=pv243-a4m36jee-2018-security-seminar | action=pull
2025-07-23 16:41:00 | WARN | repo=pv243-a4m36jee-2018-security-seminar | action=pull
2025-09-26 18:29:00 | INFO | repo=pv243-a4m36jee-2018-security-seminar | action=commit
2025-02-10 15:27:00 | INFO | repo=pv243-a4m36jee-2018-security-seminar | action=commit
2025-09-06 10:22:00 | DEBUG | repo=pv243-a4m36jee-2018-security-seminar | action=test | passed=true
2025-04-21 16:52:00 | INFO | repo=pv243-a4m36jee-2018-security-seminar | action=commit
2025-01-06 13:21:00 | INFO | repo=pv243-a4m36jee-2018-security-seminar | action=commit
2025-03-19 08:14:00 | WARN | repo=pv243-a4m36jee-2018-security-seminar | action=commit
2025-11-22 08:53:00 | DEBUG | repo=pv243-a4m36jee-2018-security-seminar | action=pull
2025-07-05 19:54:00 | INFO | repo=pv243-a4m36jee-2018-security-seminar | action=commit
2025-01-07 18:43:00 | WARN | repo=pv243-a4m36jee-2018-security-seminar | action=commit
2025-01-27 19:47:00 | INFO | repo=pv243-a4m36jee-2018-security-seminar | action=commit
2025-09-23 10:41:00 | INFO | repo=pv243-a4m36jee-2018-security-seminar | action=commit
2025-04-07 15:51:00 | DEBUG | repo=pv243-a4m36jee-2018-security-seminar | action=commit
2025-12-23 20:16:00 | DEBUG | repo=pv243-a4m36jee-2018-security-seminar | action=edit | files=1
2025-10-12 07:07:00 | WARN | repo=pv243-a4m36jee-2018-security-seminar | action=commit
2025-08-25 18:11:00 | WARN | repo=pv243-a4m36jee-2018-security-seminar | action=commit
2025-06-01 08:55:00 | DEBUG | repo=pv243-a4m36jee-2018-security-seminar | action=commit
2025-06-06 20:52:00 | INFO | repo=pv243-a4m36jee-2018-security-seminar | action=test | passed=true
2025-08-01 19:35:00 | WARN | repo=pv243-a4m36jee-2018-security-seminar | action=commit
2025-12-06 19:44:00 | INFO | repo=pv243-a4m36jee-2018-security-seminar | action=edit | files=4
2025-10-23 20:02:00 | INFO | repo=pv243-a4m36jee-2018-security-seminar | action=commit
2025-05-03 08:31:00 | WARN | repo=pv243-a4m36jee-2018-security-seminar | action=commit
2025-05-14 10:13:00 | WARN | repo=pv243-a4m36jee-2018-security-seminar | action=commit
2025-11-27 08:21:00 | DEBUG | repo=pv243-a4m36jee-2018-security-seminar | action=commit
2025-01-24 21:30:00 | DEBUG | repo=pv243-a4m36jee-2018-security-seminar | action=commit
2025-07-05 11:41:00 | DEBUG | repo=pv243-a4m36jee-2018-security-seminar | action=commit
2025-09-04 08:04:00 | WARN | repo=pv243-a4m36jee-2018-security-seminar | action=commit
2025-07-23 07:58:00 | INFO | repo=pv243-a4m36jee-2018-security-seminar | action=commit
2025-10-08 10:08:00 | DEBUG | repo=pv243-a4m36jee-2018-security-seminar | action=commit
2025-10-11 20:48:00 | DEBUG | repo=pv243-a4m36jee-2018-security-seminar | action=commit
2025-02-15 12:47:00 | DEBUG | repo=pv243-a4m36jee-2018-security-seminar | action=commit
2025-07-25 14:05:00 | WARN | repo=pv243-a4m36jee-2018-security-seminar | action=commit
2025-04-15 13:04:00 | INFO | repo=pv243-a4m36jee-2018-security-seminar | action=commit
2025-03-08 20:16:00 | INFO | repo=pv243-a4m36jee-2018-security-seminar | action=commit
2025-12-01 20:56:00 | INFO | repo=pv243-a4m36jee-2018-security-seminar | action=commit
2025-04-14 18:14:00 | DEBUG | repo=pv243-a4m36jee-2018-security-seminar | action=commit
2025-04-10 08:39:00 | INFO | repo=pv243-a4m36jee-2018-security-seminar | action=commit
2025-07-08 12:52:00 | DEBUG | repo=pv243-a4m36jee-2018-security-seminar | action=commit
2025-03-12 09:28:00 | DEBUG | repo=pv243-a4m36jee-2018-security-seminar | action=commit
2025-12-08 11:37:00 | DEBUG | repo=pv243-a4m36jee-2018-security-seminar | action=pull
2025-02-10 17:58:00 | DEBUG | repo=pv243-a4m36jee-2018-security-seminar | action=commit
2025-07-20 07:37:00 | WARN | repo=pv243-a4m36jee-2018-security-seminar | action=commit
2025-05-22 19:04:00 | DEBUG | repo=pv243-a4m36jee-2018-security-seminar | action=commit
2025-09-07 10:52:00 | WARN | repo=pv243-a4m36jee-2018-security-seminar | action=commit
2025-01-01 12:09:00 | DEBUG | repo=pv243-a4m36jee-2018-security-seminar | action=commit
2025-08-01 21:03:00 | WARN | repo=pv243-a4m36jee-2018-security-seminar | action=test | passed=true
2025-07-07 08:44:00 | INFO | repo=pv243-a4m36jee-2018-security-seminar | action=commit
2025-08-19 15:48:00 | WARN | repo=pv243-a4m36jee-2018-security-seminar | action=commit
2025-07-26 12:05:00 | INFO | repo=pv243-a4m36jee-2018-security-seminar | action=commit
2025-04-28 18:39:00 | WARN | repo=pv243-a4m36jee-2018-security-seminar | action=commit
2025-05-26 19:05:00 | WARN | repo=pv243-a4m36jee-2018-security-seminar | action=commit
2025-07-15 07:20:00 | INFO | repo=pv243-a4m36jee-2018-security-seminar | action=edit | files=3
2025-10-17 18:11:00 | WARN | repo=pv243-a4m36jee-2018-security-seminar | action=edit | files=1
2025-03-05 18:03:00 | WARN | repo=pv243-a4m36jee-2018-security-seminar | action=commit
2025-07-24 07:34:00 | INFO | repo=pv243-a4m36jee-2018-security-seminar | action=commit
2025-03-12 16:47:00 | INFO | repo=pv243-a4m36jee-2018-security-seminar | action=test | passed=true
2025-09-07 11:53:00 | DEBUG | repo=pv243-a4m36jee-2018-security-seminar | action=commit
2025-03-12 11:04:00 | INFO | repo=pv243-a4m36jee-2018-security-seminar | action=commit
2025-06-28 12:29:00 | INFO | repo=pv243-a4m36jee-2018-security-seminar | action=commit
2025-09-20 18:39:00 | DEBUG | repo=pv243-a4m36jee-2018-security-seminar | action=commit
2025-08-04 13:12:00 | WARN | repo=pv243-a4m36jee-2018-security-seminar | action=commit
2025-06-10 13:15:00 | WARN | repo=pv243-a4m36jee-2018-security-seminar | action=edit | files=2
2025-01-21 15:42:00 | INFO | repo=pv243-a4m36jee-2018-security-seminar | action=commit
2025-02-10 14:28:00 | WARN | repo=pv243-a4m36jee-2018-security-seminar | action=commit
2025-05-16 11:27:00 | WARN | repo=pv243-a4m36jee-2018-security-seminar | action=commit
2025-11-17 18:58:00 | DEBUG | repo=pv243-a4m36jee-2018-security-seminar | action=commit
2025-05-28 07:30:00 | WARN | repo=pv243-a4m36jee-2018-security-seminar | action=commit
2025-04-21 09:31:00 | INFO | repo=pv243-a4m36jee-2018-security-seminar | action=pull
2025-01-18 21:22:00 | WARN | repo=pv243-a4m36jee-2018-security-seminar | action=commit
2025-03-15 12:05:00 | DEBUG | repo=pv243-a4m36jee-2018-security-seminar | action=pull
2025-01-21 12:46:00 | INFO | repo=pv243-a4m36jee-2018-security-seminar | action=commit
2025-11-18 07:47:00 | WARN | repo=pv243-a4m36jee-2018-security-seminar | action=commit
2025-04-27 10:54:00 | INFO | repo=pv243-a4m36jee-2018-security-seminar | action=commit
2025-02-03 10:25:00 | INFO | repo=pv243-a4m36jee-2018-security-seminar | action=commit
2025-02-17 11:54:00 | WARN | repo=pv243-a4m36jee-2018-security-seminar | action=commit
2025-10-07 09:37:00 | WARN | repo=pv243-a4m36jee-2018-security-seminar | action=commit
2025-02-23 07:51:00 | DEBUG | repo=pv243-a4m36jee-2018-security-seminar | action=commit
2025-12-06 19:52:00 | DEBUG | repo=pv243-a4m36jee-2018-security-seminar | action=commit
2025-10-20 18:46:00 | INFO | repo=pv243-a4m36jee-2018-security-seminar | action=commit
2025-12-24 18:24:00 | WARN | repo=pv243-a4m36jee-2018-security-seminar | action=commit
2025-05-06 08:25:00 | DEBUG | repo=pv243-a4m36jee-2018-security-seminar | action=commit
2025-01-04 12:29:00 | DEBUG | repo=pv243-a4m36jee-2018-security-seminar | action=commit
2025-05-21 13:33:00 | INFO | repo=pv243-a4m36jee-2018-security-seminar | action=commit
2025-10-27 08:55:00 | INFO | repo=pv243-a4m36jee-2018-security-seminar | action=commit
2025-06-28 15:28:00 | INFO | repo=pv243-a4m36jee-2018-security-seminar | action=commit
2025-01-15 10:45:00 | WARN | repo=pv243-a4m36jee-2018-security-seminar | action=edit | files=3
2025-09-16 08:34:00 | WARN | repo=pv243-a4m36jee-2018-security-seminar | action=commit
2025-10-19 12:51:00 | DEBUG | repo=pv243-a4m36jee-2018-security-seminar | action=commit
2025-06-17 21:52:00 | INFO | repo=pv243-a4m36jee-2018-security-seminar | action=commit
2025-11-24 16:07:00 | DEBUG | repo=pv243-a4m36jee-2018-security-seminar | action=commit
2025-08-14 14:52:00 | INFO | repo=pv243-a4m36jee-2018-security-seminar | action=commit
2025-11-05 18:13:00 | DEBUG | repo=pv243-a4m36jee-2018-security-seminar | action=commit
2025-03-05 21:08:00 | INFO | repo=pv243-a4m36jee-2018-security-seminar | action=commit
2025-08-24 19:32:00 | DEBUG | repo=pv243-a4m36jee-2018-security-seminar | action=commit
2025-07-02 13:05:00 | DEBUG | repo=pv243-a4m36jee-2018-security-seminar | action=commit
2025-09-19 16:41:00 | WARN | repo=pv243-a4m36jee-2018-security-seminar | action=commit
2025-08-21 12:02:00 | INFO | repo=pv243-a4m36jee-2018-security-seminar | action=commit
2025-07-11 09:26:00 | DEBUG | repo=pv243-a4m36jee-2018-security-seminar | action=pull
2025-06-23 14:41:00 | INFO | repo=pv243-a4m36jee-2018-security-seminar | action=commit
2025-08-05 08:19:00 | WARN | repo=pv243-a4m36jee-2018-security-seminar | action=commit
2025-10-11 13:12:00 | INFO | repo=pv243-a4m36jee-2018-security-seminar | action=commit
2025-10-19 19:29:00 | WARN | repo=pv243-a4m36jee-2018-security-seminar | action=commit
2025-03-04 07:42:00 | INFO | repo=pv243-a4m36jee-2018-security-seminar | action=commit
2025-12-05 10:04:00 | DEBUG | repo=pv243-a4m36jee-2018-security-seminar | action=commit
2025-05-24 16:21:00 | DEBUG | repo=pv243-a4m36jee-2018-security-seminar | action=commit
2025-11-14 07:27:00 | DEBUG | repo=pv243-a4m36jee-2018-security-seminar | action=commit
2025-09-14 15:49:00 | WARN | repo=pv243-a4m36jee-2018-security-seminar | action=commit
2025-09-07 20:47:00 | INFO | repo=pv243-a4m36jee-2018-security-seminar | action=pull
2025-04-20 19:15:00 | INFO | repo=pv243-a4m36jee-2018-security-seminar | action=commit
2025-02-12 19:59:00 | DEBUG | repo=pv243-a4m36jee-2018-security-seminar | action=commit
2025-05-23 15:31:00 | INFO | repo=pv243-a4m36jee-2018-security-seminar | action=commit
2025-12-23 16:26:00 | WARN | repo=pv243-a4m36jee-2018-security-seminar | action=pull
2025-02-22 17:38:00 | WARN | repo=pv243-a4m36jee-2018-security-seminar | action=commit
2025-03-03 09:58:00 | WARN | repo=pv243-a4m36jee-2018-security-seminar | action=commit
2025-05-16 07:27:00 | INFO | repo=pv243-a4m36jee-2018-security-seminar | action=commit
2025-08-23 07:56:00 | INFO | repo=pv243-a4m36jee-2018-security-seminar | action=commit
2025-09-16 16:24:00 | DEBUG | repo=pv243-a4m36jee-2018-security-seminar | action=commit
2025-05-14 13:57:00 | INFO | repo=pv243-a4m36jee-2018-security-seminar | action=commit
2025-02-19 13:22:00 | INFO | repo=pv243-a4m36jee-2018-security-seminar | action=commit
2025-08-05 07:04:00 | WARN | repo=pv243-a4m36jee-2018-security-seminar | action=commit
2025-02-23 14:20:00 | INFO | repo=pv243-a4m36jee-2018-security-seminar | action=edit | files=3
2025-09-09 18:48:00 | WARN | repo=pv243-a4m36jee-2018-security-seminar | action=commit
2025-07-09 20:49:00 | INFO | repo=pv243-a4m36jee-2018-security-seminar | action=commit
2025-08-01 15:02:00 | DEBUG | repo=pv243-a4m36jee-2018-security-seminar | action=commit
